<?xml version="1.0" encoding="UTF-8"?>
<!-- Generated by org.testng.reporters.JUnitXMLReporter -->
<testsuite hostname="Ankit-PC" ignored="3" name="Test2" tests="1" failures="1" timestamp="31 Mar 2017 04:22:33 GMT" time="2.055" errors="0">
  <testcase name="TC04_AddMyInfoAttachment" time="2.051" classname="TestScriptDefinitions.Module1">
    <failure type="java.lang.AssertionError" message="expected [true] but found [false]">
      <![CDATA[java.lang.AssertionError: expected [true] but found [false]
	at library.WebLibrary.logEvent(WebLibrary.java:238)
	at TestScriptDefinitions.Module1.TC04_AddMyInfoAttachment(Module1.java:331)
... Removed 29 stack frames]]>
    </failure>
  </testcase> <!-- TC04_AddMyInfoAttachment -->
  <testcase name="TC03_AddImmigrationDetailsAndVerify" time="0.0" classname="TestScriptDefinitions.Module1">
    <ignored/>
  </testcase> <!-- TC03_AddImmigrationDetailsAndVerify -->
  <testcase name="TC01_AddEmergencyContactsAndVerify" time="0.0" classname="TestScriptDefinitions.Module1">
    <ignored/>
  </testcase> <!-- TC01_AddEmergencyContactsAndVerify -->
  <testcase name="TC02_AddDependenciesAndVerify" time="0.0" classname="TestScriptDefinitions.Module1">
    <ignored/>
  </testcase> <!-- TC02_AddDependenciesAndVerify -->
</testsuite> <!-- Test2 -->
